*** Starting uWSGI 2.0.19.1 (64bit) on [Fri Mar 10 01:16:50 2023] ***
compiled with version: 10.2.1 20210110 on 09 March 2023 06:31:48
os: Linux-5.10.16.3-microsoft-standard-WSL2 #1 SMP Fri Apr 2 22:23:49 UTC 2021
nodename: 7441f3d055c8
machine: x86_64
clock source: unix
pcre jit disabled
detected number of CPU cores: 8
current working directory: /app
detected binary path: /usr/local/bin/uwsgi
uWSGI running as root, you can use --uid/--gid/--chroot options
*** WARNING: you are running uWSGI as root !!! (use the --uid flag) *** 
your memory page size is 4096 bytes
detected max file descriptor number: 1048576
lock engine: pthread robust mutexes
thunder lock: disabled (you can enable it with --thunder-lock)
uwsgi socket 0 bound to UNIX address /tmp/uwsgi.sock fd 3
uWSGI running as root, you can use --uid/--gid/--chroot options
*** WARNING: you are running uWSGI as root !!! (use the --uid flag) *** 
Python version: 3.9.7 (default, Oct 13 2021, 09:00:49)  [GCC 10.2.1 20210110]
*** Python threads support is disabled. You can enable it with --enable-threads ***
Python main interpreter initialized at 0x55ed7345fed0
uWSGI running as root, you can use --uid/--gid/--chroot options
*** WARNING: you are running uWSGI as root !!! (use the --uid flag) *** 
your server socket listen backlog is limited to 100 connections
your mercy for graceful operations on workers is 60 seconds
mapped 145840 bytes (142 KB) for 1 cores
*** Operational MODE: single process ***
WSGI app 0 (mountpoint='') ready in 0 seconds on interpreter 0x55ed7345fed0 pid: 1 (default app)
mountpoint  already configured. skip.
uWSGI running as root, you can use --uid/--gid/--chroot options
*** WARNING: you are running uWSGI as root !!! (use the --uid flag) *** 
*** uWSGI is running in multiple interpreter mode ***
spawned uWSGI master process (pid: 1)
spawned uWSGI worker 1 (pid: 7, cores: 1)
[pid: 7|app: 0|req: 1/1] 172.22.0.1 () {56 vars in 1077 bytes} [Fri Mar 10 01:17:00 2023] GET / => generated 32 bytes in 2 msecs (HTTP/1.1 200) 2 headers in 79 bytes (1 switches on core 0)
[pid: 7|app: 0|req: 2/2] 172.22.0.1 () {54 vars in 1004 bytes} [Fri Mar 10 01:17:00 2023] GET /favicon.ico => generated 207 bytes in 0 msecs (HTTP/1.1 404) 2 headers in 87 bytes (1 switches on core 0)
